# JRE version: OpenJDK Runtime Environment (8.0_152-b01) (build 1.8.0_152-release-1024-b01)
# Java VM: OpenJDK 64-Bit Server VM (25.152-b01 mixed mode linux-amd64 compressed oops)
Heap:
 PSYoungGen      total 411648K, used 255844K [0x00000000e0000000, 0x0000000100000000, 0x0000000100000000)
  eden space 307712K, 83% used [0x00000000e0000000,0x00000000ef9d9330,0x00000000f2c80000)
  from space 103936K, 0% used [0x00000000f2c80000,0x00000000f2c80000,0x00000000f9200000)
  to   space 103424K, 0% used [0x00000000f9b00000,0x00000000f9b00000,0x0000000100000000)
 ParOldGen       total 635904K, used 378622K [0x00000000a0000000, 0x00000000c6d00000, 0x00000000e0000000)
  object space 635904K, 59% used [0x00000000a0000000,0x00000000b71bf9f0,0x00000000c6d00000)
 Metaspace       used 122435K, capacity 125888K, committed 134144K, reserved 1167360K
  class space    used 14409K, capacity 15312K, committed 16896K, reserved 1048576K
GC Heap History (10 events):
Event: 1876.002 GC heap before
{Heap before GC invocations=43 (full 9):
 PSYoungGen      total 420352K, used 317952K [0x00000000e0000000, 0x0000000100000000, 0x0000000100000000)
  eden space 317952K, 100% used [0x00000000e0000000,0x00000000f3680000,0x00000000f3680000)
  from space 102400K, 0% used [0x00000000f3680000,0x00000000f3680000,0x00000000f9a80000)
  to   space 102400K, 0% used [0x00000000f9c00000,0x00000000f9c00000,0x0000000100000000)
 ParOldGen       total 615424K, used 378359K [0x00000000a0000000, 0x00000000c5900000, 0x00000000e0000000)
  object space 615424K, 61% used [0x00000000a0000000,0x00000000b717dcd8,0x00000000c5900000)
 Metaspace       used 122546K, capacity 126122K, committed 126208K, reserved 1161216K
  class space    used 14446K, capacity 15351K, committed 15360K, reserved 1048576K
Event: 1876.043 GC heap after
Heap after GC invocations=43 (full 9):
 PSYoungGen      total 405504K, used 79700K [0x00000000e0000000, 0x0000000100000000, 0x0000000100000000)
  eden space 303104K, 0% used [0x00000000e0000000,0x00000000e0000000,0x00000000f2800000)
  from space 102400K, 77% used [0x00000000f9c00000,0x00000000fe9d52d8,0x0000000100000000)
  to   space 110592K, 0% used [0x00000000f2800000,0x00000000f2800000,0x00000000f9400000)
 ParOldGen       total 615424K, used 378367K [0x00000000a0000000, 0x00000000c5900000, 0x00000000e0000000)
  object space 615424K, 61% used [0x00000000a0000000,0x00000000b717fcd8,0x00000000c5900000)
 Metaspace       used 122546K, capacity 126122K, committed 126208K, reserved 1161216K
  class space    used 14446K, capacity 15351K, committed 15360K, reserved 1048576K
}
Event: 1878.205 GC heap before
{Heap before GC invocations=44 (full 9):
 PSYoungGen      total 405504K, used 382804K [0x00000000e0000000, 0x0000000100000000, 0x0000000100000000)
  eden space 303104K, 100% used [0x00000000e0000000,0x00000000f2800000,0x00000000f2800000)
  from space 102400K, 77% used [0x00000000f9c00000,0x00000000fe9d52d8,0x0000000100000000)
  to   space 110592K, 0% used [0x00000000f2800000,0x00000000f2800000,0x00000000f9400000)
 ParOldGen       total 615424K, used 378367K [0x00000000a0000000, 0x00000000c5900000, 0x00000000e0000000)
  object space 615424K, 61% used [0x00000000a0000000,0x00000000b717fcd8,0x00000000c5900000)
 Metaspace       used 123083K, capacity 126668K, committed 126848K, reserved 1161216K
  class space    used 14503K, capacity 15424K, committed 15488K, reserved 1048576K
Event: 1878.264 GC heap after
Heap after GC invocations=44 (full 9):
 PSYoungGen      total 413696K, used 33992K [0x00000000e0000000, 0x00000000fff00000, 0x0000000100000000)
  eden space 303104K, 0% used [0x00000000e0000000,0x00000000e0000000,0x00000000f2800000)
  from space 110592K, 30% used [0x00000000f2800000,0x00000000f4932350,0x00000000f9400000)
  to   space 105984K, 0% used [0x00000000f9780000,0x00000000f9780000,0x00000000fff00000)
 ParOldGen       total 615424K, used 452387K [0x00000000a0000000, 0x00000000c5900000, 0x00000000e0000000)
  object space 615424K, 73% used [0x00000000a0000000,0x00000000bb9c8d18,0x00000000c5900000)
 Metaspace       used 123083K, capacity 126668K, committed 126848K, reserved 1161216K
  class space    used 14503K, capacity 15424K, committed 15488K, reserved 1048576K
}
Event: 1879.456 GC heap before
{Heap before GC invocations=45 (full 9):
 PSYoungGen      total 413696K, used 337096K [0x00000000e0000000, 0x00000000fff00000, 0x0000000100000000)
  eden space 303104K, 100% used [0x00000000e0000000,0x00000000f2800000,0x00000000f2800000)
  from space 110592K, 30% used [0x00000000f2800000,0x00000000f4932350,0x00000000f9400000)
  to   space 105984K, 0% used [0x00000000f9780000,0x00000000f9780000,0x00000000fff00000)
 ParOldGen       total 615424K, used 452387K [0x00000000a0000000, 0x00000000c5900000, 0x00000000e0000000)
  object space 615424K, 73% used [0x00000000a0000000,0x00000000bb9c8d18,0x00000000c5900000)
 Metaspace       used 124254K, capacity 127996K, committed 128256K, reserved 1161216K
  class space    used 14613K, capacity 15568K, committed 15616K, reserved 1048576K
Event: 1879.494 GC heap after
Heap after GC invocations=45 (full 9):
 PSYoungGen      total 406016K, used 55086K [0x00000000e0000000, 0x00000000ff780000, 0x0000000100000000)
  eden space 307712K, 0% used [0x00000000e0000000,0x00000000e0000000,0x00000000f2c80000)
  from space 98304K, 56% used [0x00000000f9780000,0x00000000fcd4b8f0,0x00000000ff780000)
  to   space 103936K, 0% used [0x00000000f2c80000,0x00000000f2c80000,0x00000000f9200000)
 ParOldGen       total 615424K, used 479344K [0x00000000a0000000, 0x00000000c5900000, 0x00000000e0000000)
  object space 615424K, 77% used [0x00000000a0000000,0x00000000bd41c078,0x00000000c5900000)
 Metaspace       used 124254K, capacity 127996K, committed 128256K, reserved 1161216K
  class space    used 14613K, capacity 15568K, committed 15616K, reserved 1048576K
}
Event: 1881.816 GC heap before
{Heap before GC invocations=46 (full 9):
 PSYoungGen      total 406016K, used 362798K [0x00000000e0000000, 0x00000000ff780000, 0x0000000100000000)
  eden space 307712K, 100% used [0x00000000e0000000,0x00000000f2c80000,0x00000000f2c80000)
  from space 98304K, 56% used [0x00000000f9780000,0x00000000fcd4b8f0,0x00000000ff780000)
  to   space 103936K, 0% used [0x00000000f2c80000,0x00000000f2c80000,0x00000000f9200000)
 ParOldGen       total 615424K, used 479344K [0x00000000a0000000, 0x00000000c5900000, 0x00000000e0000000)
  object space 615424K, 77% used [0x00000000a0000000,0x00000000bd41c078,0x00000000c5900000)
 Metaspace       used 133919K, capacity 137892K, committed 138240K, reserved 1171456K
  class space    used 15825K, capacity 16842K, committed 16896K, reserved 1048576K
Event: 1881.855 GC heap after
Heap after GC invocations=46 (full 9):
 PSYoungGen      total 411648K, used 12181K [0x00000000e0000000, 0x0000000100000000, 0x0000000100000000)
  eden space 307712K, 0% used [0x00000000e0000000,0x00000000e0000000,0x00000000f2c80000)
  from space 103936K, 11% used [0x00000000f2c80000,0x00000000f3865730,0x00000000f9200000)
  to   space 103424K, 0% used [0x00000000f9b00000,0x00000000f9b00000,0x0000000100000000)
 ParOldGen       total 615424K, used 530734K [0x00000000a0000000, 0x00000000c5900000, 0x00000000e0000000)
  object space 615424K, 86% used [0x00000000a0000000,0x00000000c064baf8,0x00000000c5900000)
 Metaspace       used 133919K, capacity 137892K, committed 138240K, reserved 1171456K
  class space    used 15825K, capacity 16842K, committed 16896K, reserved 1048576K
}
Event: 1881.855 GC heap before
{Heap before GC invocations=47 (full 10):
 PSYoungGen      total 411648K, used 12181K [0x00000000e0000000, 0x0000000100000000, 0x0000000100000000)
  eden space 307712K, 0% used [0x00000000e0000000,0x00000000e0000000,0x00000000f2c80000)
  from space 103936K, 11% used [0x00000000f2c80000,0x00000000f3865730,0x00000000f9200000)
  to   space 103424K, 0% used [0x00000000f9b00000,0x00000000f9b00000,0x0000000100000000)
 ParOldGen       total 615424K, used 530734K [0x00000000a0000000, 0x00000000c5900000, 0x00000000e0000000)
  object space 615424K, 86% used [0x00000000a0000000,0x00000000c064baf8,0x00000000c5900000)
 Metaspace       used 133919K, capacity 137892K, committed 138240K, reserved 1171456K
  class space    used 15825K, capacity 16842K, committed 16896K, reserved 1048576K
Event: 1882.305 GC heap after
Heap after GC invocations=47 (full 10):
 PSYoungGen      total 411648K, used 0K [0x00000000e0000000, 0x0000000100000000, 0x0000000100000000)
  eden space 307712K, 0% used [0x00000000e0000000,0x00000000e0000000,0x00000000f2c80000)
  from space 103936K, 0% used [0x00000000f2c80000,0x00000000f2c80000,0x00000000f9200000)
  to   space 103424K, 0% used [0x00000000f9b00000,0x00000000f9b00000,0x0000000100000000)
 ParOldGen       total 635904K, used 378622K [0x00000000a0000000, 0x00000000c6d00000, 0x00000000e0000000)
  object space 635904K, 59% used [0x00000000a0000000,0x00000000b71bf9f0,0x00000000c6d00000)
 Metaspace       used 122176K, capacity 125646K, committed 134144K, reserved 1167360K
  class space    used 14379K, capacity 15277K, committed 16896K, reserved 1048576K
}

