# JRE version: OpenJDK Runtime Environment (8.0_152-b01) (build 1.8.0_152-release-1024-b01)
# Java VM: OpenJDK 64-Bit Server VM (25.152-b01 mixed mode linux-amd64 compressed oops)
Heap:
 PSYoungGen      total 379904K, used 210616K [0x00000000e0000000, 0x00000000ffa80000, 0x0000000100000000)
  eden space 257024K, 79% used [0x00000000e0000000,0x00000000ec8c62b0,0x00000000efb00000)
  from space 122880K, 4% used [0x00000000efb00000,0x00000000effe8030,0x00000000f7300000)
  to   space 117248K, 0% used [0x00000000f8800000,0x00000000f8800000,0x00000000ffa80000)
 ParOldGen       total 472064K, used 274639K [0x00000000a0000000, 0x00000000bcd00000, 0x00000000e0000000)
  object space 472064K, 58% used [0x00000000a0000000,0x00000000b0c33f68,0x00000000bcd00000)
 Metaspace       used 152570K, capacity 161956K, committed 164184K, reserved 1191936K
  class space    used 19116K, capacity 21140K, committed 21632K, reserved 1048576K
GC Heap History (10 events):
Event: 1577.265 GC heap before
{Heap before GC invocations=85 (full 6):
 PSYoungGen      total 367616K, used 223922K [0x00000000e0000000, 0x00000000ff680000, 0x0000000100000000)
  eden space 223744K, 99% used [0x00000000e0000000,0x00000000eda74bb0,0x00000000eda80000)
  from space 143872K, 0% used [0x00000000f6a00000,0x00000000f6a38000,0x00000000ff680000)
  to   space 145408K, 0% used [0x00000000eda80000,0x00000000eda80000,0x00000000f6880000)
 ParOldGen       total 472064K, used 273092K [0x00000000a0000000, 0x00000000bcd00000, 0x00000000e0000000)
  object space 472064K, 57% used [0x00000000a0000000,0x00000000b0ab1318,0x00000000bcd00000)
 Metaspace       used 152328K, capacity 161706K, committed 163928K, reserved 1191936K
  class space    used 19097K, capacity 21093K, committed 21632K, reserved 1048576K
Event: 1577.269 GC heap after
Heap after GC invocations=85 (full 6):
 PSYoungGen      total 369152K, used 224K [0x00000000e0000000, 0x00000000ff980000, 0x0000000100000000)
  eden space 223744K, 0% used [0x00000000e0000000,0x00000000e0000000,0x00000000eda80000)
  from space 145408K, 0% used [0x00000000eda80000,0x00000000edab8000,0x00000000f6880000)
  to   space 141312K, 0% used [0x00000000f6f80000,0x00000000f6f80000,0x00000000ff980000)
 ParOldGen       total 472064K, used 273148K [0x00000000a0000000, 0x00000000bcd00000, 0x00000000e0000000)
  object space 472064K, 57% used [0x00000000a0000000,0x00000000b0abf318,0x00000000bcd00000)
 Metaspace       used 152328K, capacity 161706K, committed 163928K, reserved 1191936K
  class space    used 19097K, capacity 21093K, committed 21632K, reserved 1048576K
}
Event: 1577.296 GC heap before
{Heap before GC invocations=86 (full 6):
 PSYoungGen      total 369152K, used 223910K [0x00000000e0000000, 0x00000000ff980000, 0x0000000100000000)
  eden space 223744K, 99% used [0x00000000e0000000,0x00000000eda71b88,0x00000000eda80000)
  from space 145408K, 0% used [0x00000000eda80000,0x00000000edab8000,0x00000000f6880000)
  to   space 141312K, 0% used [0x00000000f6f80000,0x00000000f6f80000,0x00000000ff980000)
 ParOldGen       total 472064K, used 273148K [0x00000000a0000000, 0x00000000bcd00000, 0x00000000e0000000)
  object space 472064K, 57% used [0x00000000a0000000,0x00000000b0abf318,0x00000000bcd00000)
 Metaspace       used 152328K, capacity 161706K, committed 163928K, reserved 1191936K
  class space    used 19097K, capacity 21093K, committed 21632K, reserved 1048576K
Event: 1577.300 GC heap after
Heap after GC invocations=86 (full 6):
 PSYoungGen      total 371200K, used 192K [0x00000000e0000000, 0x00000000ff200000, 0x0000000100000000)
  eden space 237568K, 0% used [0x00000000e0000000,0x00000000e0000000,0x00000000ee800000)
  from space 133632K, 0% used [0x00000000f6f80000,0x00000000f6fb0000,0x00000000ff200000)
  to   space 136192K, 0% used [0x00000000ee800000,0x00000000ee800000,0x00000000f6d00000)
 ParOldGen       total 472064K, used 273188K [0x00000000a0000000, 0x00000000bcd00000, 0x00000000e0000000)
  object space 472064K, 57% used [0x00000000a0000000,0x00000000b0ac9318,0x00000000bcd00000)
 Metaspace       used 152328K, capacity 161706K, committed 163928K, reserved 1191936K
  class space    used 19097K, capacity 21093K, committed 21632K, reserved 1048576K
}
Event: 1577.939 GC heap before
{Heap before GC invocations=87 (full 6):
 PSYoungGen      total 371200K, used 237760K [0x00000000e0000000, 0x00000000ff200000, 0x0000000100000000)
  eden space 237568K, 100% used [0x00000000e0000000,0x00000000ee800000,0x00000000ee800000)
  from space 133632K, 0% used [0x00000000f6f80000,0x00000000f6fb0000,0x00000000ff200000)
  to   space 136192K, 0% used [0x00000000ee800000,0x00000000ee800000,0x00000000f6d00000)
 ParOldGen       total 472064K, used 273188K [0x00000000a0000000, 0x00000000bcd00000, 0x00000000e0000000)
  object space 472064K, 57% used [0x00000000a0000000,0x00000000b0ac9318,0x00000000bcd00000)
 Metaspace       used 152457K, capacity 161840K, committed 163928K, reserved 1191936K
  class space    used 19112K, capacity 21132K, committed 21632K, reserved 1048576K
Event: 1577.946 GC heap after
Heap after GC invocations=87 (full 6):
 PSYoungGen      total 373760K, used 685K [0x00000000e0000000, 0x00000000ff880000, 0x0000000100000000)
  eden space 237568K, 0% used [0x00000000e0000000,0x00000000e0000000,0x00000000ee800000)
  from space 136192K, 0% used [0x00000000ee800000,0x00000000ee8ab740,0x00000000f6d00000)
  to   space 131072K, 0% used [0x00000000f7880000,0x00000000f7880000,0x00000000ff880000)
 ParOldGen       total 472064K, used 273212K [0x00000000a0000000, 0x00000000bcd00000, 0x00000000e0000000)
  object space 472064K, 57% used [0x00000000a0000000,0x00000000b0acf318,0x00000000bcd00000)
 Metaspace       used 152457K, capacity 161840K, committed 163928K, reserved 1191936K
  class space    used 19112K, capacity 21132K, committed 21632K, reserved 1048576K
}
Event: 1578.827 GC heap before
{Heap before GC invocations=88 (full 6):
 PSYoungGen      total 373760K, used 238253K [0x00000000e0000000, 0x00000000ff880000, 0x0000000100000000)
  eden space 237568K, 100% used [0x00000000e0000000,0x00000000ee800000,0x00000000ee800000)
  from space 136192K, 0% used [0x00000000ee800000,0x00000000ee8ab740,0x00000000f6d00000)
  to   space 131072K, 0% used [0x00000000f7880000,0x00000000f7880000,0x00000000ff880000)
 ParOldGen       total 472064K, used 273212K [0x00000000a0000000, 0x00000000bcd00000, 0x00000000e0000000)
  object space 472064K, 57% used [0x00000000a0000000,0x00000000b0acf318,0x00000000bcd00000)
 Metaspace       used 152497K, capacity 161910K, committed 164184K, reserved 1191936K
  class space    used 19113K, capacity 21133K, committed 21632K, reserved 1048576K
Event: 1578.835 GC heap after
Heap after GC invocations=88 (full 6):
 PSYoungGen      total 374272K, used 14847K [0x00000000e0000000, 0x00000000feb00000, 0x0000000100000000)
  eden space 257024K, 0% used [0x00000000e0000000,0x00000000e0000000,0x00000000efb00000)
  from space 117248K, 12% used [0x00000000f7880000,0x00000000f86ffca8,0x00000000feb00000)
  to   space 122880K, 0% used [0x00000000efb00000,0x00000000efb00000,0x00000000f7300000)
 ParOldGen       total 472064K, used 273654K [0x00000000a0000000, 0x00000000bcd00000, 0x00000000e0000000)
  object space 472064K, 57% used [0x00000000a0000000,0x00000000b0b3da98,0x00000000bcd00000)
 Metaspace       used 152497K, capacity 161910K, committed 164184K, reserved 1191936K
  class space    used 19113K, capacity 21133K, committed 21632K, reserved 1048576K
}
Event: 1581.317 GC heap before
{Heap before GC invocations=89 (full 6):
 PSYoungGen      total 374272K, used 271734K [0x00000000e0000000, 0x00000000feb00000, 0x0000000100000000)
  eden space 257024K, 99% used [0x00000000e0000000,0x00000000efaddbc0,0x00000000efb00000)
  from space 117248K, 12% used [0x00000000f7880000,0x00000000f86ffca8,0x00000000feb00000)
  to   space 122880K, 0% used [0x00000000efb00000,0x00000000efb00000,0x00000000f7300000)
 ParOldGen       total 472064K, used 273654K [0x00000000a0000000, 0x00000000bcd00000, 0x00000000e0000000)
  object space 472064K, 57% used [0x00000000a0000000,0x00000000b0b3da98,0x00000000bcd00000)
 Metaspace       used 152526K, capacity 161922K, committed 164184K, reserved 1191936K
  class space    used 19114K, capacity 21135K, committed 21632K, reserved 1048576K
Event: 1581.324 GC heap after
Heap after GC invocations=89 (full 6):
 PSYoungGen      total 379904K, used 5024K [0x00000000e0000000, 0x00000000ffa80000, 0x0000000100000000)
  eden space 257024K, 0% used [0x00000000e0000000,0x00000000e0000000,0x00000000efb00000)
  from space 122880K, 4% used [0x00000000efb00000,0x00000000effe8030,0x00000000f7300000)
  to   space 117248K, 0% used [0x00000000f8800000,0x00000000f8800000,0x00000000ffa80000)
 ParOldGen       total 472064K, used 274639K [0x00000000a0000000, 0x00000000bcd00000, 0x00000000e0000000)
  object space 472064K, 58% used [0x00000000a0000000,0x00000000b0c33f68,0x00000000bcd00000)
 Metaspace       used 152526K, capacity 161922K, committed 164184K, reserved 1191936K
  class space    used 19114K, capacity 21135K, committed 21632K, reserved 1048576K
}

