# JRE version: OpenJDK Runtime Environment (8.0_152-b01) (build 1.8.0_152-release-1024-b01)
# Java VM: OpenJDK 64-Bit Server VM (25.152-b01 mixed mode linux-amd64 compressed oops)
Heap:
 PSYoungGen      total 371712K, used 326131K [0x00000000e0000000, 0x0000000100000000, 0x0000000100000000)
  eden space 231424K, 100% used [0x00000000e0000000,0x00000000ee200000,0x00000000ee200000)
  from space 140288K, 67% used [0x00000000ee200000,0x00000000f3e7cfb8,0x00000000f6b00000)
  to   space 148480K, 33% used [0x00000000f6f00000,0x00000000f9f7dab8,0x0000000100000000)
 ParOldGen       total 598016K, used 597510K [0x00000000a0000000, 0x00000000c4800000, 0x00000000e0000000)
  object space 598016K, 99% used [0x00000000a0000000,0x00000000c4781958,0x00000000c4800000)
 Metaspace       used 106766K, capacity 110070K, committed 110336K, reserved 1146880K
  class space    used 12255K, capacity 13003K, committed 13056K, reserved 1048576K
GC Heap History (10 events):
Event: 1558.856 GC heap after
Heap after GC invocations=56 (full 7):
 PSYoungGen      total 351744K, used 63352K [0x00000000e0000000, 0x00000000ff880000, 0x0000000100000000)
  eden space 193024K, 0% used [0x00000000e0000000,0x00000000e0000000,0x00000000ebc80000)
  from space 158720K, 39% used [0x00000000ebc80000,0x00000000efa5e060,0x00000000f5780000)
  to   space 154112K, 0% used [0x00000000f6200000,0x00000000f6200000,0x00000000ff880000)
 ParOldGen       total 589824K, used 432132K [0x00000000a0000000, 0x00000000c4000000, 0x00000000e0000000)
  object space 589824K, 73% used [0x00000000a0000000,0x00000000ba6011e0,0x00000000c4000000)
 Metaspace       used 96056K, capacity 98978K, committed 99200K, reserved 1136640K
  class space    used 10934K, capacity 11559K, committed 11648K, reserved 1048576K
}
Event: 1565.841 GC heap before
{Heap before GC invocations=57 (full 7):
 PSYoungGen      total 351744K, used 256376K [0x00000000e0000000, 0x00000000ff880000, 0x0000000100000000)
  eden space 193024K, 100% used [0x00000000e0000000,0x00000000ebc80000,0x00000000ebc80000)
  from space 158720K, 39% used [0x00000000ebc80000,0x00000000efa5e060,0x00000000f5780000)
  to   space 154112K, 0% used [0x00000000f6200000,0x00000000f6200000,0x00000000ff880000)
 ParOldGen       total 589824K, used 432132K [0x00000000a0000000, 0x00000000c4000000, 0x00000000e0000000)
  object space 589824K, 73% used [0x00000000a0000000,0x00000000ba6011e0,0x00000000c4000000)
 Metaspace       used 104597K, capacity 107628K, committed 108032K, reserved 1144832K
  class space    used 12011K, capacity 12688K, committed 12800K, reserved 1048576K
Event: 1565.889 GC heap after
Heap after GC invocations=57 (full 7):
 PSYoungGen      total 358400K, used 61669K [0x00000000e0000000, 0x00000000ff180000, 0x0000000100000000)
  eden space 211456K, 0% used [0x00000000e0000000,0x00000000e0000000,0x00000000ece80000)
  from space 146944K, 41% used [0x00000000f6200000,0x00000000f9e39438,0x00000000ff180000)
  to   space 148992K, 0% used [0x00000000ece80000,0x00000000ece80000,0x00000000f6000000)
 ParOldGen       total 589824K, used 455411K [0x00000000a0000000, 0x00000000c4000000, 0x00000000e0000000)
  object space 589824K, 77% used [0x00000000a0000000,0x00000000bbcbcde8,0x00000000c4000000)
 Metaspace       used 104597K, capacity 107628K, committed 108032K, reserved 1144832K
  class space    used 12011K, capacity 12688K, committed 12800K, reserved 1048576K
}
Event: 1567.106 GC heap before
{Heap before GC invocations=58 (full 7):
 PSYoungGen      total 358400K, used 273125K [0x00000000e0000000, 0x00000000ff180000, 0x0000000100000000)
  eden space 211456K, 100% used [0x00000000e0000000,0x00000000ece80000,0x00000000ece80000)
  from space 146944K, 41% used [0x00000000f6200000,0x00000000f9e39438,0x00000000ff180000)
  to   space 148992K, 0% used [0x00000000ece80000,0x00000000ece80000,0x00000000f6000000)
 ParOldGen       total 589824K, used 455411K [0x00000000a0000000, 0x00000000c4000000, 0x00000000e0000000)
  object space 589824K, 77% used [0x00000000a0000000,0x00000000bbcbcde8,0x00000000c4000000)
 Metaspace       used 106085K, capacity 109268K, committed 109440K, reserved 1146880K
  class space    used 12181K, capacity 12892K, committed 12928K, reserved 1048576K
Event: 1567.137 GC heap after
Heap after GC invocations=58 (full 7):
 PSYoungGen      total 360448K, used 17788K [0x00000000e0000000, 0x00000000ff800000, 0x0000000100000000)
  eden space 211456K, 0% used [0x00000000e0000000,0x00000000e0000000,0x00000000ece80000)
  from space 148992K, 11% used [0x00000000ece80000,0x00000000edfdf3c8,0x00000000f6000000)
  to   space 143872K, 0% used [0x00000000f6b80000,0x00000000f6b80000,0x00000000ff800000)
 ParOldGen       total 589824K, used 492927K [0x00000000a0000000, 0x00000000c4000000, 0x00000000e0000000)
  object space 589824K, 83% used [0x00000000a0000000,0x00000000be15ff48,0x00000000c4000000)
 Metaspace       used 106085K, capacity 109268K, committed 109440K, reserved 1146880K
  class space    used 12181K, capacity 12892K, committed 12928K, reserved 1048576K
}
Event: 1567.661 GC heap before
{Heap before GC invocations=59 (full 7):
 PSYoungGen      total 360448K, used 229244K [0x00000000e0000000, 0x00000000ff800000, 0x0000000100000000)
  eden space 211456K, 100% used [0x00000000e0000000,0x00000000ece80000,0x00000000ece80000)
  from space 148992K, 11% used [0x00000000ece80000,0x00000000edfdf3c8,0x00000000f6000000)
  to   space 143872K, 0% used [0x00000000f6b80000,0x00000000f6b80000,0x00000000ff800000)
 ParOldGen       total 589824K, used 492927K [0x00000000a0000000, 0x00000000c4000000, 0x00000000e0000000)
  object space 589824K, 83% used [0x00000000a0000000,0x00000000be15ff48,0x00000000c4000000)
 Metaspace       used 106328K, capacity 109574K, committed 109696K, reserved 1146880K
  class space    used 12210K, capacity 12927K, committed 12928K, reserved 1048576K
Event: 1567.696 GC heap after
Heap after GC invocations=59 (full 7):
 PSYoungGen      total 371200K, used 60829K [0x00000000e0000000, 0x00000000ff400000, 0x0000000100000000)
  eden space 231424K, 0% used [0x00000000e0000000,0x00000000e0000000,0x00000000ee200000)
  from space 139776K, 43% used [0x00000000f6b80000,0x00000000fa6e7670,0x00000000ff400000)
  to   space 140288K, 0% used [0x00000000ee200000,0x00000000ee200000,0x00000000f6b00000)
 ParOldGen       total 589824K, used 492943K [0x00000000a0000000, 0x00000000c4000000, 0x00000000e0000000)
  object space 589824K, 83% used [0x00000000a0000000,0x00000000be163f48,0x00000000c4000000)
 Metaspace       used 106328K, capacity 109574K, committed 109696K, reserved 1146880K
  class space    used 12210K, capacity 12927K, committed 12928K, reserved 1048576K
}
Event: 1568.533 GC heap before
{Heap before GC invocations=60 (full 7):
 PSYoungGen      total 371200K, used 292253K [0x00000000e0000000, 0x00000000ff400000, 0x0000000100000000)
  eden space 231424K, 100% used [0x00000000e0000000,0x00000000ee200000,0x00000000ee200000)
  from space 139776K, 43% used [0x00000000f6b80000,0x00000000fa6e7670,0x00000000ff400000)
  to   space 140288K, 0% used [0x00000000ee200000,0x00000000ee200000,0x00000000f6b00000)
 ParOldGen       total 589824K, used 492943K [0x00000000a0000000, 0x00000000c4000000, 0x00000000e0000000)
  object space 589824K, 83% used [0x00000000a0000000,0x00000000be163f48,0x00000000c4000000)
 Metaspace       used 106561K, capacity 109840K, committed 110080K, reserved 1146880K
  class space    used 12230K, capacity 12970K, committed 13056K, reserved 1048576K
Event: 1568.579 GC heap after
Heap after GC invocations=60 (full 7):
 PSYoungGen      total 371712K, used 94707K [0x00000000e0000000, 0x0000000100000000, 0x0000000100000000)
  eden space 231424K, 0% used [0x00000000e0000000,0x00000000e0000000,0x00000000ee200000)
  from space 140288K, 67% used [0x00000000ee200000,0x00000000f3e7cfb8,0x00000000f6b00000)
  to   space 148480K, 0% used [0x00000000f6f00000,0x00000000f6f00000,0x0000000100000000)
 ParOldGen       total 589824K, used 508789K [0x00000000a0000000, 0x00000000c4000000, 0x00000000e0000000)
  object space 589824K, 86% used [0x00000000a0000000,0x00000000bf0dd5e0,0x00000000c4000000)
 Metaspace       used 106561K, capacity 109840K, committed 110080K, reserved 1146880K
  class space    used 12230K, capacity 12970K, committed 13056K, reserved 1048576K
}
Event: 1569.537 GC heap before
{Heap before GC invocations=61 (full 7):
 PSYoungGen      total 371712K, used 326131K [0x00000000e0000000, 0x0000000100000000, 0x0000000100000000)
  eden space 231424K, 100% used [0x00000000e0000000,0x00000000ee200000,0x00000000ee200000)
  from space 140288K, 67% used [0x00000000ee200000,0x00000000f3e7cfb8,0x00000000f6b00000)
  to   space 148480K, 0% used [0x00000000f6f00000,0x00000000f6f00000,0x0000000100000000)
 ParOldGen       total 589824K, used 508789K [0x00000000a0000000, 0x00000000c4000000, 0x00000000e0000000)
  object space 589824K, 86% used [0x00000000a0000000,0x00000000bf0dd5e0,0x00000000c4000000)
 Metaspace       used 106766K, capacity 110070K, committed 110336K, reserved 1146880K
  class space    used 12255K, capacity 13003K, committed 13056K, reserved 1048576K

